Using pre-set license
Built from '2020.3/china_unity/release' branch; Version is '2020.3.14f1c1 (ed787cdc2846) revision 15562876'; Using compiler version '192528614'; Build Type 'Release'
OS: 'Windows 10 Home China; OS build 19042.1110; Version 2009; 64bit' Language: 'zh' Physical Memory: 16263 MB
BatchMode: 1, IsHumanControllingUs: 0, StartBugReporterOnCrash: 0, Is64bit: 1, IsPro: 0

 COMMAND LINE ARGUMENTS:
C:\Program Files\Unity\Hub\Editor\2020.3.14f1c1\Editor\Unity.exe
-adb2
-batchMode
-noUpm
-name
AssetImportWorker0
-projectPath
G:/TX_ShaderLab
-logFile
Logs/AssetImportWorker0.log
-srvPort
64370
Successfully changed project path to: G:/TX_ShaderLab
G:/TX_ShaderLab
Using Asset Import Pipeline V2.
Refreshing native plugins compatible for Editor in 26.86 ms, found 2 plugins.
Preloading 0 native plugins for Editor in 0.00 ms.
Initialize engine version: 2020.3.14f1c1 (ed787cdc2846)
[Subsystems] Discovering subsystems at path C:/Program Files/Unity/Hub/Editor/2020.3.14f1c1/Editor/Data/Resources/UnitySubsystems
[Subsystems] Discovering subsystems at path G:/TX_ShaderLab/Assets
GfxDevice: creating device client; threaded=0
Direct3D:
    Version:  Direct3D 11.0 [level 11.1]
    Renderer: NVIDIA GeForce GTX 1060 (ID=0x1c60)
    Vendor:   
    VRAM:     6052 MB
    Driver:   27.21.14.6230
Initialize mono
Mono path[0] = 'C:/Program Files/Unity/Hub/Editor/2020.3.14f1c1/Editor/Data/Managed'
Mono path[1] = 'C:/Program Files/Unity/Hub/Editor/2020.3.14f1c1/Editor/Data/MonoBleedingEdge/lib/mono/unityjit'
Mono config path = 'C:/Program Files/Unity/Hub/Editor/2020.3.14f1c1/Editor/Data/MonoBleedingEdge/etc'
Using monoOptions --debugger-agent=transport=dt_socket,embedding=1,server=y,suspend=n,address=127.0.0.1:56904
Begin MonoManager ReloadAssembly
Registering precompiled unity dll's ...
Register platform support module: C:/Program Files/Unity/Hub/Editor/2020.3.14f1c1/Editor/Data/PlaybackEngines/WindowsStandaloneSupport/UnityEditor.WindowsStandalone.Extensions.dll
Registered in 0.002096 seconds.
Native extension for WindowsStandalone target not found
Refreshing native plugins compatible for Editor in 26.50 ms, found 2 plugins.
Preloading 0 native plugins for Editor in 0.00 ms.
Mono: successfully reloaded assembly
- Completed reload, in  0.909 seconds
Domain Reload Profiling:
	ReloadAssembly (909ms)
		BeginReloadAssembly (53ms)
			ExecutionOrderSort (0ms)
			DisableScriptedObjects (0ms)
			BackupInstance (0ms)
			ReleaseScriptingObjects (0ms)
			CreateAndSetChildDomain (1ms)
		EndReloadAssembly (406ms)
			LoadAssemblies (51ms)
			RebuildTransferFunctionScriptingTraits (0ms)
			SetupTypeCache (150ms)
			ReleaseScriptCaches (0ms)
			RebuildScriptCaches (32ms)
			SetupLoadedEditorAssemblies (150ms)
				LogAssemblyErrors (0ms)
				InitializePlatformSupportModulesInManaged (4ms)
				SetLoadedEditorAssemblies (0ms)
				RefreshPlugins (27ms)
				BeforeProcessingInitializeOnLoad (10ms)
				ProcessInitializeOnLoadAttributes (82ms)
				ProcessInitializeOnLoadMethodAttributes (28ms)
				AfterProcessingInitializeOnLoad (0ms)
				EditorAssembliesLoaded (0ms)
			ExecutionOrderSort2 (0ms)
			AwakeInstancesAfterBackupRestoration (0ms)
Platform modules already initialized, skipping
Registering precompiled user dll's ...
Registered in 0.002291 seconds.
Begin MonoManager ReloadAssembly
Native extension for WindowsStandalone target not found
Refreshing native plugins compatible for Editor in 0.64 ms, found 2 plugins.
Preloading 0 native plugins for Editor in 0.00 ms.
Mono: successfully reloaded assembly
- Completed reload, in  0.990 seconds
Domain Reload Profiling:
	ReloadAssembly (991ms)
		BeginReloadAssembly (143ms)
			ExecutionOrderSort (0ms)
			DisableScriptedObjects (5ms)
			BackupInstance (0ms)
			ReleaseScriptingObjects (0ms)
			CreateAndSetChildDomain (17ms)
		EndReloadAssembly (787ms)
			LoadAssemblies (82ms)
			RebuildTransferFunctionScriptingTraits (0ms)
			SetupTypeCache (269ms)
			ReleaseScriptCaches (0ms)
			RebuildScriptCaches (41ms)
			SetupLoadedEditorAssemblies (303ms)
				LogAssemblyErrors (0ms)
				InitializePlatformSupportModulesInManaged (5ms)
				SetLoadedEditorAssemblies (0ms)
				RefreshPlugins (1ms)
				BeforeProcessingInitializeOnLoad (101ms)
				ProcessInitializeOnLoadAttributes (185ms)
				ProcessInitializeOnLoadMethodAttributes (4ms)
				AfterProcessingInitializeOnLoad (7ms)
				EditorAssembliesLoaded (0ms)
			ExecutionOrderSort2 (0ms)
			AwakeInstancesAfterBackupRestoration (7ms)
Platform modules already initialized, skipping
========================================================================
Worker process is ready to serve import requests
Launched and connected shader compiler UnityShaderCompiler.exe after 0.06 seconds
Refreshing native plugins compatible for Editor in 0.53 ms, found 2 plugins.
Preloading 0 native plugins for Editor in 0.00 ms.
Unloading 1409 Unused Serialized files (Serialized files now loaded: 0)
System memory in use before: 68.5 MB.
System memory in use after: 68.5 MB.

Unloading 18 unused Assets to reduce memory usage. Loaded Objects now: 1844.
Total: 2.143400 ms (FindLiveObjects: 0.196900 ms CreateObjectMapping: 0.043500 ms MarkObjects: 1.837000 ms  DeleteObjects: 0.064700 ms)

AssetImportParameters requested are different than current active one (requested -> active):
  custom:framework-win-MediaFoundation: 216162199b28c13a410421893ffa2e32 -> 
  custom:video-decoder-ogg-theora: a1e56fd34408186e4bbccfd4996cb3dc -> 
  custom:container-muxer-webm: aa71ff27fc2769a1b78a27578f13a17b -> 
  custom:container-demuxer-webm: 4f35f7cbe854078d1ac9338744f61a02 -> 
  custom:container-demuxer-ogg: 62fdf1f143b41e24485cea50d1cbac27 -> 
  custom:video-encoder-webm-vp8: eb34c28f22e8b96e1ab97ce403110664 -> 
  custom:video-codec-MediaFoundation-h265: 746d11721c4dcdbdad8f713fa42b33f4 -> 
  custom:video-decoder-webm-vp8: 9c59270c3fd7afecdb556c50c9e8de78 -> 
  custom:audio-decoder-ogg-vorbis: bf7c407c2cedff20999df2af8eb42d56 -> 
  custom:audio-encoder-webm-vorbis: bf7c407c2cedff20999df2af8eb42d56 -> 
========================================================================
Received Import Request.
  path: Assets/Labs/Explosion/Textures/SmokeRamp.psd
  artifactKey: Guid(c4a8d158a855af94d8f88af842df6a3b) Importer(815301076,1909f56bfc062723c751e8b465ee728b)
Start importing Assets/Labs/Explosion/Textures/SmokeRamp.psd using Guid(c4a8d158a855af94d8f88af842df6a3b) Importer(815301076,1909f56bfc062723c751e8b465ee728b)  -> (artifact id: 'ddc896c4bf7c5c0c86fa2a8f8b130515') in 0.075984 seconds 
  Import took 0.080648 seconds .

========================================================================
Received Import Request.
  Time since last request: 0.000605 seconds.
  path: Assets/Labs/Explosion/Textures/T_Noises_01.TGA
  artifactKey: Guid(bc6923034e288f547a166d1581636c9b) Importer(815301076,1909f56bfc062723c751e8b465ee728b)
Start importing Assets/Labs/Explosion/Textures/T_Noises_01.TGA using Guid(bc6923034e288f547a166d1581636c9b) Importer(815301076,1909f56bfc062723c751e8b465ee728b)  -> (artifact id: 'dcd2f55093e9dcde75ecc8bb8fdfcade') in 0.024694 seconds 
  Import took 0.029391 seconds .

========================================================================
Received Import Request.
  Time since last request: 0.000367 seconds.
  path: Assets/Labs/Explosion/Textures/FireRamp2.psd
  artifactKey: Guid(940acd8f126456946bcf3b71515c3204) Importer(815301076,1909f56bfc062723c751e8b465ee728b)
Start importing Assets/Labs/Explosion/Textures/FireRamp2.psd using Guid(940acd8f126456946bcf3b71515c3204) Importer(815301076,1909f56bfc062723c751e8b465ee728b)  -> (artifact id: '94246341322d2f67b807874dc91f2d93') in 0.006319 seconds 
  Import took 0.008613 seconds .

========================================================================
Received Import Request.
  Time since last request: 0.000223 seconds.
  path: Assets/Labs/Explosion/Textures/FireRamp4.psd
  artifactKey: Guid(f873264a04f22b84fa0dc5932f42aa40) Importer(815301076,1909f56bfc062723c751e8b465ee728b)
Start importing Assets/Labs/Explosion/Textures/FireRamp4.psd using Guid(f873264a04f22b84fa0dc5932f42aa40) Importer(815301076,1909f56bfc062723c751e8b465ee728b)  -> (artifact id: '16205ad41d3dbbdf7af1de3ced8f8fae') in 0.010456 seconds 
  Import took 0.012932 seconds .

========================================================================
Received Import Request.
  Time since last request: 0.000278 seconds.
  path: Assets/Labs/Explosion/Textures/FireRamp3.psd
  artifactKey: Guid(37f0bb5341251194d8447ef4e580e7de) Importer(815301076,1909f56bfc062723c751e8b465ee728b)
Start importing Assets/Labs/Explosion/Textures/FireRamp3.psd using Guid(37f0bb5341251194d8447ef4e580e7de) Importer(815301076,1909f56bfc062723c751e8b465ee728b)  -> (artifact id: 'b1f83d35fcd6c1b99c1edbcd291c7331') in 0.007754 seconds 
  Import took 0.010198 seconds .

========================================================================
Received Import Request.
  Time since last request: 0.000359 seconds.
  path: Assets/Labs/Explosion/Textures/FireRamp.psd
  artifactKey: Guid(4b5aa889dad6417439e8d0e3e6147764) Importer(815301076,1909f56bfc062723c751e8b465ee728b)
Start importing Assets/Labs/Explosion/Textures/FireRamp.psd using Guid(4b5aa889dad6417439e8d0e3e6147764) Importer(815301076,1909f56bfc062723c751e8b465ee728b)  -> (artifact id: '0c618f07b510c5e128398f1a5d72ebf7') in 0.006284 seconds 
  Import took 0.009347 seconds .

========================================================================
Received Import Request.
  Time since last request: 0.000261 seconds.
  path: Assets/Labs/Explosion/Textures/NoiseSmoke.png
  artifactKey: Guid(0a5812fe2d20e484a84c4f0302534ac0) Importer(815301076,1909f56bfc062723c751e8b465ee728b)
Start importing Assets/Labs/Explosion/Textures/NoiseSmoke.png using Guid(0a5812fe2d20e484a84c4f0302534ac0) Importer(815301076,1909f56bfc062723c751e8b465ee728b)  -> (artifact id: '572dcb670efbd3c7aed521db36e8297e') in 0.054550 seconds 
  Import took 0.056857 seconds .

========================================================================
Received Import Request.
  Time since last request: 0.000298 seconds.
  path: Assets/Labs/Explosion/Textures/FireRamp5.psd
  artifactKey: Guid(682b8a1fd912d9d4bbca31d4e83c6376) Importer(815301076,1909f56bfc062723c751e8b465ee728b)
Start importing Assets/Labs/Explosion/Textures/FireRamp5.psd using Guid(682b8a1fd912d9d4bbca31d4e83c6376) Importer(815301076,1909f56bfc062723c751e8b465ee728b)  -> (artifact id: '476af910ea845db4f25433ab9559cfe0') in 0.005950 seconds 
  Import took 0.008231 seconds .

========================================================================
Received Import Request.
  Time since last request: 576.076237 seconds.
  path: Assets/Labs/Explosion/Textures/Sphere/Noise2.png
  artifactKey: Guid(0346f11aabbe6584aa4442037621443e) Importer(815301076,1909f56bfc062723c751e8b465ee728b)
Start importing Assets/Labs/Explosion/Textures/Sphere/Noise2.png using Guid(0346f11aabbe6584aa4442037621443e) Importer(815301076,1909f56bfc062723c751e8b465ee728b)  -> (artifact id: '107c8ba14c310cefb9a5bbe2c9560e1b') in 0.013651 seconds 
  Import took 0.031497 seconds .

========================================================================
Received Import Request.
  Time since last request: 0.000305 seconds.
  path: Assets/Labs/Explosion/Textures/Sphere/Noise3.png
  artifactKey: Guid(c16603cffdb515e43bc2c6c061c36670) Importer(815301076,1909f56bfc062723c751e8b465ee728b)
Start importing Assets/Labs/Explosion/Textures/Sphere/Noise3.png using Guid(c16603cffdb515e43bc2c6c061c36670) Importer(815301076,1909f56bfc062723c751e8b465ee728b)  -> (artifact id: 'e21a557ce5765588ee45cebb89d1ecbb') in 0.008639 seconds 
  Import took 0.020012 seconds .

========================================================================
Received Import Request.
  Time since last request: 0.000267 seconds.
  path: Assets/Labs/Explosion/Textures/Sphere/Noise4.png
  artifactKey: Guid(a0c2079d92662a24aa0044e6b674f3ea) Importer(815301076,1909f56bfc062723c751e8b465ee728b)
Start importing Assets/Labs/Explosion/Textures/Sphere/Noise4.png using Guid(a0c2079d92662a24aa0044e6b674f3ea) Importer(815301076,1909f56bfc062723c751e8b465ee728b)  -> (artifact id: 'd4f9937ac8c9c3aa1ff471ed470f80d5') in 0.009766 seconds 
  Import took 0.029317 seconds .

========================================================================
Received Import Request.
  Time since last request: 0.000391 seconds.
  path: Assets/Labs/Explosion/Textures/Sphere/Noise3.png
  artifactKey: Guid(c16603cffdb515e43bc2c6c061c36670) Importer(815301076,1909f56bfc062723c751e8b465ee728b)
Start importing Assets/Labs/Explosion/Textures/Sphere/Noise3.png using Guid(c16603cffdb515e43bc2c6c061c36670) Importer(815301076,1909f56bfc062723c751e8b465ee728b)  -> (artifact id: 'e21a557ce5765588ee45cebb89d1ecbb') in 0.010360 seconds 
  Import took 0.013112 seconds .

========================================================================
Received Import Request.
  Time since last request: 0.000303 seconds.
  path: Assets/Labs/Explosion/Textures/Sphere/Noise2.png
  artifactKey: Guid(0346f11aabbe6584aa4442037621443e) Importer(815301076,1909f56bfc062723c751e8b465ee728b)
Start importing Assets/Labs/Explosion/Textures/Sphere/Noise2.png using Guid(0346f11aabbe6584aa4442037621443e) Importer(815301076,1909f56bfc062723c751e8b465ee728b)  -> (artifact id: '107c8ba14c310cefb9a5bbe2c9560e1b') in 0.010301 seconds 
  Import took 0.013470 seconds .

========================================================================
Received Import Request.
  Time since last request: 0.000388 seconds.
  path: Assets/Labs/Explosion/Textures/Sphere/Noise4.png
  artifactKey: Guid(a0c2079d92662a24aa0044e6b674f3ea) Importer(815301076,1909f56bfc062723c751e8b465ee728b)
Start importing Assets/Labs/Explosion/Textures/Sphere/Noise4.png using Guid(a0c2079d92662a24aa0044e6b674f3ea) Importer(815301076,1909f56bfc062723c751e8b465ee728b)  -> (artifact id: 'd4f9937ac8c9c3aa1ff471ed470f80d5') in 0.010498 seconds 
  Import took 0.013772 seconds .

========================================================================
Received Import Request.
  Time since last request: 170.048972 seconds.
  path: Assets/Labs/Explosion/Mesh/Blob3.blend
  artifactKey: Guid(48009098f35fd0f4fa801de5fb9fd3d5) Importer(815301076,1909f56bfc062723c751e8b465ee728b)
Start importing Assets/Labs/Explosion/Mesh/Blob3.blend using Guid(48009098f35fd0f4fa801de5fb9fd3d5) Importer(815301076,1909f56bfc062723c751e8b465ee728b)  -> (artifact id: '30e47386ef4ff76c89426bb5c5018248') in 0.149533 seconds 
  Import took 0.180934 seconds .

========================================================================
Received Import Request.
  Time since last request: 217.761604 seconds.
  path: Assets/Labs/Explosion/Textures/Sphere/Noise0.png
  artifactKey: Guid(65ed451c0f8893f40b2b6786f091ed8d) Importer(815301076,1909f56bfc062723c751e8b465ee728b)
Start importing Assets/Labs/Explosion/Textures/Sphere/Noise0.png using Guid(65ed451c0f8893f40b2b6786f091ed8d) Importer(815301076,1909f56bfc062723c751e8b465ee728b)  -> (artifact id: '651c59156c9ce7c788d62d951a6e450b') in 0.026254 seconds 
  Import took 0.051897 seconds .

========================================================================
Received Import Request.
  Time since last request: 0.016654 seconds.
  path: Assets/Labs/Explosion/Textures/Sphere/Noise0.png
  artifactKey: Guid(65ed451c0f8893f40b2b6786f091ed8d) Importer(815301076,1909f56bfc062723c751e8b465ee728b)
Start importing Assets/Labs/Explosion/Textures/Sphere/Noise0.png using Guid(65ed451c0f8893f40b2b6786f091ed8d) Importer(815301076,1909f56bfc062723c751e8b465ee728b)  -> (artifact id: '651c59156c9ce7c788d62d951a6e450b') in 0.010824 seconds 
  Import took 0.013494 seconds .

========================================================================
Received Prepare
Registering precompiled user dll's ...
Registered in 0.002901 seconds.
Begin MonoManager ReloadAssembly
Native extension for WindowsStandalone target not found
Refreshing native plugins compatible for Editor in 0.78 ms, found 2 plugins.
Preloading 0 native plugins for Editor in 0.00 ms.
Mono: successfully reloaded assembly
- Completed reload, in  1.555 seconds
Domain Reload Profiling:
	ReloadAssembly (1556ms)
		BeginReloadAssembly (176ms)
			ExecutionOrderSort (0ms)
			DisableScriptedObjects (7ms)
			BackupInstance (0ms)
			ReleaseScriptingObjects (0ms)
			CreateAndSetChildDomain (61ms)
		EndReloadAssembly (1272ms)
			LoadAssemblies (137ms)
			RebuildTransferFunctionScriptingTraits (0ms)
			SetupTypeCache (453ms)
			ReleaseScriptCaches (1ms)
			RebuildScriptCaches (64ms)
			SetupLoadedEditorAssemblies (458ms)
				LogAssemblyErrors (0ms)
				InitializePlatformSupportModulesInManaged (7ms)
				SetLoadedEditorAssemblies (1ms)
				RefreshPlugins (1ms)
				BeforeProcessingInitializeOnLoad (151ms)
				ProcessInitializeOnLoadAttributes (279ms)
				ProcessInitializeOnLoadMethodAttributes (7ms)
				AfterProcessingInitializeOnLoad (12ms)
				EditorAssembliesLoaded (1ms)
			ExecutionOrderSort2 (0ms)
			AwakeInstancesAfterBackupRestoration (8ms)
Platform modules already initialized, skipping
Refreshing native plugins compatible for Editor in 0.71 ms, found 2 plugins.
Preloading 0 native plugins for Editor in 0.00 ms.
Unloading 1390 Unused Serialized files (Serialized files now loaded: 0)
System memory in use before: 70.5 MB.
System memory in use after: 70.6 MB.

Unloading 13 unused Assets to reduce memory usage. Loaded Objects now: 1891.
Total: 2.812200 ms (FindLiveObjects: 0.171500 ms CreateObjectMapping: 0.056500 ms MarkObjects: 2.530700 ms  DeleteObjects: 0.051000 ms)

AssetImportParameters requested are different than current active one (requested -> active):
  custom:framework-win-MediaFoundation: 216162199b28c13a410421893ffa2e32 -> 
  custom:video-decoder-ogg-theora: a1e56fd34408186e4bbccfd4996cb3dc -> 
  custom:container-muxer-webm: aa71ff27fc2769a1b78a27578f13a17b -> 
  custom:container-demuxer-webm: 4f35f7cbe854078d1ac9338744f61a02 -> 
  custom:container-demuxer-ogg: 62fdf1f143b41e24485cea50d1cbac27 -> 
  custom:video-encoder-webm-vp8: eb34c28f22e8b96e1ab97ce403110664 -> 
  custom:video-codec-MediaFoundation-h265: 746d11721c4dcdbdad8f713fa42b33f4 -> 
  custom:video-decoder-webm-vp8: 9c59270c3fd7afecdb556c50c9e8de78 -> 
  custom:audio-decoder-ogg-vorbis: bf7c407c2cedff20999df2af8eb42d56 -> 
  custom:audio-encoder-webm-vorbis: bf7c407c2cedff20999df2af8eb42d56 -> 
========================================================================
Received Prepare
Registering precompiled user dll's ...
Registered in 0.002890 seconds.
Begin MonoManager ReloadAssembly
Native extension for WindowsStandalone target not found
Refreshing native plugins compatible for Editor in 0.30 ms, found 2 plugins.
Preloading 0 native plugins for Editor in 0.00 ms.
Mono: successfully reloaded assembly
- Completed reload, in  1.072 seconds
Domain Reload Profiling:
	ReloadAssembly (1072ms)
		BeginReloadAssembly (116ms)
			ExecutionOrderSort (0ms)
			DisableScriptedObjects (5ms)
			BackupInstance (0ms)
			ReleaseScriptingObjects (0ms)
			CreateAndSetChildDomain (36ms)
		EndReloadAssembly (879ms)
			LoadAssemblies (98ms)
			RebuildTransferFunctionScriptingTraits (0ms)
			SetupTypeCache (300ms)
			ReleaseScriptCaches (1ms)
			RebuildScriptCaches (45ms)
			SetupLoadedEditorAssemblies (324ms)
				LogAssemblyErrors (0ms)
				InitializePlatformSupportModulesInManaged (6ms)
				SetLoadedEditorAssemblies (0ms)
				RefreshPlugins (0ms)
				BeforeProcessingInitializeOnLoad (111ms)
				ProcessInitializeOnLoadAttributes (194ms)
				ProcessInitializeOnLoadMethodAttributes (4ms)
				AfterProcessingInitializeOnLoad (8ms)
				EditorAssembliesLoaded (0ms)
			ExecutionOrderSort2 (0ms)
			AwakeInstancesAfterBackupRestoration (8ms)
Platform modules already initialized, skipping
Refreshing native plugins compatible for Editor in 0.75 ms, found 2 plugins.
Preloading 0 native plugins for Editor in 0.00 ms.
Unloading 1390 Unused Serialized files (Serialized files now loaded: 0)
System memory in use before: 70.5 MB.
System memory in use after: 70.6 MB.

Unloading 13 unused Assets to reduce memory usage. Loaded Objects now: 1894.
Total: 1.751500 ms (FindLiveObjects: 0.142400 ms CreateObjectMapping: 0.040700 ms MarkObjects: 1.550500 ms  DeleteObjects: 0.016800 ms)

AssetImportParameters requested are different than current active one (requested -> active):
  custom:framework-win-MediaFoundation: 216162199b28c13a410421893ffa2e32 -> 
  custom:video-decoder-ogg-theora: a1e56fd34408186e4bbccfd4996cb3dc -> 
  custom:container-muxer-webm: aa71ff27fc2769a1b78a27578f13a17b -> 
  custom:container-demuxer-webm: 4f35f7cbe854078d1ac9338744f61a02 -> 
  custom:container-demuxer-ogg: 62fdf1f143b41e24485cea50d1cbac27 -> 
  custom:video-encoder-webm-vp8: eb34c28f22e8b96e1ab97ce403110664 -> 
  custom:video-codec-MediaFoundation-h265: 746d11721c4dcdbdad8f713fa42b33f4 -> 
  custom:video-decoder-webm-vp8: 9c59270c3fd7afecdb556c50c9e8de78 -> 
  custom:audio-decoder-ogg-vorbis: bf7c407c2cedff20999df2af8eb42d56 -> 
  custom:audio-encoder-webm-vorbis: bf7c407c2cedff20999df2af8eb42d56 -> 
========================================================================
Received Prepare
Registering precompiled user dll's ...
Registered in 0.004187 seconds.
Begin MonoManager ReloadAssembly
Native extension for WindowsStandalone target not found
Refreshing native plugins compatible for Editor in 0.46 ms, found 2 plugins.
Preloading 0 native plugins for Editor in 0.00 ms.
Mono: successfully reloaded assembly
- Completed reload, in  1.392 seconds
Domain Reload Profiling:
	ReloadAssembly (1393ms)
		BeginReloadAssembly (158ms)
			ExecutionOrderSort (0ms)
			DisableScriptedObjects (6ms)
			BackupInstance (0ms)
			ReleaseScriptingObjects (0ms)
			CreateAndSetChildDomain (49ms)
		EndReloadAssembly (1135ms)
			LoadAssemblies (136ms)
			RebuildTransferFunctionScriptingTraits (0ms)
			SetupTypeCache (440ms)
			ReleaseScriptCaches (1ms)
			RebuildScriptCaches (68ms)
			SetupLoadedEditorAssemblies (350ms)
				LogAssemblyErrors (0ms)
				InitializePlatformSupportModulesInManaged (7ms)
				SetLoadedEditorAssemblies (1ms)
				RefreshPlugins (1ms)
				BeforeProcessingInitializeOnLoad (128ms)
				ProcessInitializeOnLoadAttributes (200ms)
				ProcessInitializeOnLoadMethodAttributes (6ms)
				AfterProcessingInitializeOnLoad (8ms)
				EditorAssembliesLoaded (0ms)
			ExecutionOrderSort2 (0ms)
			AwakeInstancesAfterBackupRestoration (7ms)
Platform modules already initialized, skipping
Refreshing native plugins compatible for Editor in 0.32 ms, found 2 plugins.
Preloading 0 native plugins for Editor in 0.00 ms.
Unloading 1390 Unused Serialized files (Serialized files now loaded: 0)
System memory in use before: 70.6 MB.
System memory in use after: 70.7 MB.

Unloading 13 unused Assets to reduce memory usage. Loaded Objects now: 1897.
Total: 3.049000 ms (FindLiveObjects: 0.200800 ms CreateObjectMapping: 0.064800 ms MarkObjects: 2.754300 ms  DeleteObjects: 0.026800 ms)

AssetImportParameters requested are different than current active one (requested -> active):
  custom:framework-win-MediaFoundation: 216162199b28c13a410421893ffa2e32 -> 
  custom:video-decoder-ogg-theora: a1e56fd34408186e4bbccfd4996cb3dc -> 
  custom:container-muxer-webm: aa71ff27fc2769a1b78a27578f13a17b -> 
  custom:container-demuxer-webm: 4f35f7cbe854078d1ac9338744f61a02 -> 
  custom:container-demuxer-ogg: 62fdf1f143b41e24485cea50d1cbac27 -> 
  custom:video-encoder-webm-vp8: eb34c28f22e8b96e1ab97ce403110664 -> 
  custom:video-codec-MediaFoundation-h265: 746d11721c4dcdbdad8f713fa42b33f4 -> 
  custom:video-decoder-webm-vp8: 9c59270c3fd7afecdb556c50c9e8de78 -> 
  custom:audio-decoder-ogg-vorbis: bf7c407c2cedff20999df2af8eb42d56 -> 
  custom:audio-encoder-webm-vorbis: bf7c407c2cedff20999df2af8eb42d56 -> 
AssetImportWorkerClient::OnTransportError - code=2 error=End of file
